[INFO ] 2022-01-01 12:55:27.881 [main] Log4jDemo - This is information message
[ERROR] 2022-01-01 12:55:27.882 [main] Log4jDemo - This is an error message
[WARN ] 2022-01-01 12:55:27.882 [main] Log4jDemo - Warning
[FATAL] 2022-01-01 12:55:27.882 [main] Log4jDemo - Fatal Error
[TRACE] 2022-01-01 12:57:07.026 [main] Log4jDemo - Trace message here
[INFO ] 2022-01-01 12:57:07.029 [main] Log4jDemo - This is information message
[ERROR] 2022-01-01 12:57:07.029 [main] Log4jDemo - This is an error message
[WARN ] 2022-01-01 12:57:07.029 [main] Log4jDemo - Warning
[FATAL] 2022-01-01 12:57:07.029 [main] Log4jDemo - Fatal Error
[TRACE] 2022-01-01 12:59:21.144 [main] Log4jDemo - Trace message here
[INFO ] 2022-01-01 12:59:21.146 [main] Log4jDemo - This is information message
[ERROR] 2022-01-01 12:59:21.147 [main] Log4jDemo - This is an error message
[WARN ] 2022-01-01 12:59:21.147 [main] Log4jDemo - Warning
[FATAL] 2022-01-01 12:59:21.147 [main] Log4jDemo - Fatal Error
[TRACE] 2022-01-01 12:59:57.725 [main] Log4jDemo - Trace message here
[INFO ] 2022-01-01 12:59:57.726 [main] Log4jDemo - This is information message
[ERROR] 2022-01-01 12:59:57.727 [main] Log4jDemo - This is an error message
[WARN ] 2022-01-01 12:59:57.727 [main] Log4jDemo - Warning
[FATAL] 2022-01-01 12:59:57.727 [main] Log4jDemo - Fatal Error
[TRACE] 2022-01-01 13:01:44.429 [main] Log4jDemo - Trace message here
[INFO ] 2022-01-01 13:01:44.431 [main] Log4jDemo - This is information message
[ERROR] 2022-01-01 13:01:44.431 [main] Log4jDemo - This is an error message
[WARN ] 2022-01-01 13:01:44.432 [main] Log4jDemo - Warning
[FATAL] 2022-01-01 13:01:44.432 [main] Log4jDemo - Fatal Error
